<html>
<head>
<title>TestNG:  Default test</title>
<link href="../testng.css" rel="stylesheet" type="text/css" />
<link href="../my-testng.css" rel="stylesheet" type="text/css" />

<style type="text/css">
.log { display: none;} 
.stack-trace { display: none;} 
</style>
<script type="text/javascript">
<!--
function flip(e) {
  current = e.style.display;
  if (current == 'block') {
    e.style.display = 'none';
    return 0;
  }
  else {
    e.style.display = 'block';
    return 1;
  }
}

function toggleBox(szDivId, elem, msg1, msg2)
{
  var res = -1;  if (document.getElementById) {
    res = flip(document.getElementById(szDivId));
  }
  else if (document.all) {
    // this is the way old msie versions work
    res = flip(document.all[szDivId]);
  }
  if(elem) {
    if(res == 0) elem.innerHTML = msg1; else elem.innerHTML = msg2;
  }

}

function toggleAllBoxes() {
  if (document.getElementsByTagName) {
    d = document.getElementsByTagName('div');
    for (i = 0; i < d.length; i++) {
      if (d[i].className == 'log') {
        flip(d[i]);
      }
    }
  }
}

// -->
</script>

</head>
<body>
<h2 align='center'>Default test</h2><table border='1' align="center">
<tr>
<td>Tests passed/Failed/Skipped:</td><td>0/1/0</td>
</tr><tr>
<td>Started on:</td><td>Thu Jul 20 14:18:28 IST 2023</td>
</tr>
<tr><td>Total time:</td><td>269 seconds (269598 ms)</td>
</tr><tr>
<td>Included groups:</td><td></td>
</tr><tr>
<td>Excluded groups:</td><td></td>
</tr>
</table><p/>
<small><i>(Hover the method name to see the test class name)</i></small><p/>
<table width='100%' border='1' class='invocation-failed'>
<tr><td colspan='4' align='center'><b>FAILED TESTS</b></td></tr>
<tr><td><b>Test method</b></td>
<td><b>Attribute(s)</b></td>
<td width="30%"><b>Exception</b></td>
<td width="10%"><b>Time (seconds)</b></td>
<td><b>Instance</b></td>
</tr>
<tr>
<td title='Runner.TestApplication.runScenario()'><b>runScenario</b><br>Test class: Runner.TestApplication<br>Test method: Runs Cucumber Scenarios<br>Parameters: "AIBBI190512 - Error produced by system while approving the application backed from the level of Credit Review under “Request for Mod with Mana", "Optional[Credit Review]"</td>
<td><div><pre>java.lang.AssertionError: no such element: Unable to locate element: {&quot;method&quot;:&quot;xpath&quot;,&quot;selector&quot;:&quot;//table[@id=&apos;gridtab_requestFinancingLimitDetailsGeneralFacilityProductClass_RFFRF00MT&apos;]/tbody/tr/td[text()=&apos;0&apos;]&quot;}
  (Session info: chrome=115.0.5790.99)
For documentation on this error, please visit: https://selenium.dev/exceptions/#no_such_element
Build info: version: &apos;4.8.1&apos;, revision: &apos;8ebccac989&apos;
System info: os.name: &apos;Windows 10&apos;, os.arch: &apos;amd64&apos;, os.version: &apos;10.0&apos;, java.version: &apos;17.0.7&apos;
Driver info: org.openqa.selenium.chrome.ChromeDriver
Command: [b45a8ec91993152527e61eb8430b3eef, findElement {using=xpath, value=//table[@id=&apos;gridtab_requestFinancingLimitDetailsGeneralFacilityProductClass_RFFRF00MT&apos;]/tbody/tr/td[text()=&apos;0&apos;]}]
Capabilities {acceptInsecureCerts: false, browserName: chrome, browserVersion: 115.0.5790.99, chrome: {chromedriverVersion: 114.0.5735.90 (386bc09e8f4f..., userDataDir: C:\Users\balab\AppData\Loca...}, goog:chromeOptions: {debuggerAddress: localhost:53703}, networkConnectionEnabled: false, pageLoadStrategy: normal, platformName: WINDOWS, proxy: Proxy(), se:cdp: ws://localhost:53703/devtoo..., se:cdpVersion: 115.0.5790.99, setWindowRect: true, strictFileInteractability: false, timeouts: {implicit: 0, pageLoad: 300000, script: 30000}, unhandledPromptBehavior: dismiss and notify, webauthn:extension:credBlob: true, webauthn:extension:largeBlob: true, webauthn:extension:minPinLength: true, webauthn:extension:prf: true, webauthn:virtualAuthenticators: true}
Session ID: b45a8ec91993152527e61eb8430b3eef
	at org.testng.Assert.fail(Assert.java:111)
	at stepdefinitions.FMS_StepDefinition_609.User_609_Select_the_product_Class_in_Request(FMS_StepDefinition_609.java:2308)
	at ✽.User_609 Select the Product Class in Request(file:///C:/Users/balab/git/AZENTIO-FMS/AzentioAutomationFramework_FMS_VIJAY3/src/test/java/features/CreditReview_609.feature:21)
</pre></div><a href='#' onClick='toggleBox("stack-trace435362949", this, "Click to show all stack frames", "Click to hide stack frames")'>Click to show all stack frames</a>
<div class='stack-trace' id='stack-trace435362949'><pre>java.lang.AssertionError: no such element: Unable to locate element: {&quot;method&quot;:&quot;xpath&quot;,&quot;selector&quot;:&quot;//table[@id=&apos;gridtab_requestFinancingLimitDetailsGeneralFacilityProductClass_RFFRF00MT&apos;]/tbody/tr/td[text()=&apos;0&apos;]&quot;}
  (Session info: chrome=115.0.5790.99)
For documentation on this error, please visit: https://selenium.dev/exceptions/#no_such_element
Build info: version: &apos;4.8.1&apos;, revision: &apos;8ebccac989&apos;
System info: os.name: &apos;Windows 10&apos;, os.arch: &apos;amd64&apos;, os.version: &apos;10.0&apos;, java.version: &apos;17.0.7&apos;
Driver info: org.openqa.selenium.chrome.ChromeDriver
Command: [b45a8ec91993152527e61eb8430b3eef, findElement {using=xpath, value=//table[@id=&apos;gridtab_requestFinancingLimitDetailsGeneralFacilityProductClass_RFFRF00MT&apos;]/tbody/tr/td[text()=&apos;0&apos;]}]
Capabilities {acceptInsecureCerts: false, browserName: chrome, browserVersion: 115.0.5790.99, chrome: {chromedriverVersion: 114.0.5735.90 (386bc09e8f4f..., userDataDir: C:\Users\balab\AppData\Loca...}, goog:chromeOptions: {debuggerAddress: localhost:53703}, networkConnectionEnabled: false, pageLoadStrategy: normal, platformName: WINDOWS, proxy: Proxy(), se:cdp: ws://localhost:53703/devtoo..., se:cdpVersion: 115.0.5790.99, setWindowRect: true, strictFileInteractability: false, timeouts: {implicit: 0, pageLoad: 300000, script: 30000}, unhandledPromptBehavior: dismiss and notify, webauthn:extension:credBlob: true, webauthn:extension:largeBlob: true, webauthn:extension:minPinLength: true, webauthn:extension:prf: true, webauthn:virtualAuthenticators: true}
Session ID: b45a8ec91993152527e61eb8430b3eef
	at org.testng.Assert.fail(Assert.java:111)
	at stepdefinitions.FMS_StepDefinition_609.User_609_Select_the_product_Class_in_Request(FMS_StepDefinition_609.java:2308)
	at ✽.User_609 Select the Product Class in Request(file:///C:/Users/balab/git/AZENTIO-FMS/AzentioAutomationFramework_FMS_VIJAY3/src/test/java/features/CreditReview_609.feature:21)
</pre></div></td>
<td>252</td>
<td>Runner.TestApplication@66ea810</td></tr>
</table><p>
</body>
</html>