<?xml version="1.0" encoding="UTF-8"?>
<!-- Generated by org.testng.reporters.JUnitReportReporter -->
<testsuite hostname="DESKTOP-PSK9T3V" failures="0" tests="1" name="Runner.TestApplication" time="284.802" errors="1" timestamp="2023-06-12T16:10:59 IST" skipped="0">
  <testcase classname="Runner.TestApplication" name="runScenario" time="284.802">
    <error message="Expected condition failed: waiting for visibility of [[ChromeDriver: chrome on WINDOWS (934caa2a799a4bb8f6474341409a49ba)] -&gt; xpath: //input[@name=&#039;applicationFacilityCO.fmsApplVO.DOWN_PAYMENT_PERC&#039;]] (tried for 120 second(s) with 5 milliseconds interval)
Build info: version: &#039;4.8.1&#039;, revision: &#039;8ebccac989&#039;
System info: os.name: &#039;Windows 10&#039;, os.arch: &#039;amd64&#039;, os.version: &#039;10.0&#039;, java.version: &#039;17.0.7&#039;
Driver info: driver.version: unknown" type="org.openqa.selenium.TimeoutException">
      <![CDATA[org.openqa.selenium.TimeoutException: Expected condition failed: waiting for visibility of [[ChromeDriver: chrome on WINDOWS (934caa2a799a4bb8f6474341409a49ba)] -> xpath: //input[@name='applicationFacilityCO.fmsApplVO.DOWN_PAYMENT_PERC']] (tried for 120 second(s) with 5 milliseconds interval)
Build info: version: '4.8.1', revision: '8ebccac989'
System info: os.name: 'Windows 10', os.arch: 'amd64', os.version: '10.0', java.version: '17.0.7'
Driver info: driver.version: unknown
at org.openqa.selenium.support.ui.FluentWait.timeoutException(FluentWait.java:263)
at org.openqa.selenium.support.ui.FluentWait.until(FluentWait.java:231)
at helper.WaitHelper.waitForElementwithFluentwait(WaitHelper.java:95)
at stepdefinitions.FMS_Wifak_Error_While_Saving_Steps.check_the_level_of_down_payment_amountin_limit_details_submenu(FMS_Wifak_Error_While_Saving_Steps.java:1128)
at âœ½.Check The Level Of Down Payment AmountIn LImit Details SubMenu(file:///C:/Users/inindc00610/git/repository/FMS_Jay/AzentioAutomationFramework_FMS_Jay2/src/test/java/features/Wifak_Application.feature:206)
]]>
    </error>
  </testcase> <!-- runScenario -->
  <system-out/>
</testsuite> <!-- Runner.TestApplication -->
