<?xml version="1.0" encoding="UTF-8"?>
<testng-results ignored="0" total="1" passed="0" failed="1" skipped="0">
  <reporter-output>
  </reporter-output>
  <suite started-at="2023-08-29T14:14:39 AST" name="Default suite" finished-at="2023-08-29T14:18:17 AST" duration-ms="218359">
    <groups>
      <group name="cucumber">
        <method signature="AbstractTestNGCucumberTests.runScenario(io.cucumber.testng.PickleWrapper,io.cucumber.testng.FeatureWrapper)[pri:0, instance:Runner.TestApplication@5afa3c9]" name="runScenario" class="io.cucumber.testng.AbstractTestNGCucumberTests"/>
      </group> <!-- cucumber -->
    </groups>
    <test started-at="2023-08-29T14:14:39 AST" name="Default test" finished-at="2023-08-29T14:18:17 AST" duration-ms="218359">
      <class name="Runner.TestApplication">
        <test-method is-config="true" signature="setUpClass()[pri:0, instance:Runner.TestApplication@5afa3c9]" started-at="2023-08-29T14:14:39 AST" name="setUpClass" finished-at="2023-08-29T14:14:41 AST" duration-ms="1564" status="PASS">
          <reporter-output>
          </reporter-output>
        </test-method> <!-- setUpClass -->
        <test-method signature="runScenario(io.cucumber.testng.PickleWrapper,io.cucumber.testng.FeatureWrapper)[pri:0, instance:Runner.TestApplication@5afa3c9]" started-at="2023-08-29T14:14:41 AST" name="runScenario" description="Runs Cucumber Scenarios" data-provider="scenarios" finished-at="2023-08-29T14:17:58 AST" duration-ms="197008" status="FAIL">
          <params>
            <param index="0">
              <value>
                <![CDATA["Run the accrual and settlement process on the installment dates from EOD and settle the installment"]]>
              </value>
            </param>
            <param index="1">
              <value>
                <![CDATA["Optional[To check the Advance Principle Settlement]"]]>
              </value>
            </param>
          </params>
          <exception class="java.lang.AssertionError">
            <message>
              <![CDATA[Cannot invoke "String.contains(java.lang.CharSequence)" because "toEscape" is null]]>
            </message>
            <full-stacktrace>
              <![CDATA[java.lang.AssertionError: Cannot invoke "String.contains(java.lang.CharSequence)" because "toEscape" is null
at org.testng.Assert.fail(Assert.java:99)
at stepdefinitions.IIS_IncidentalCharges.user_select_the_grace_period_dropdown_as_Years_in_repayment_tab_in_maintenance_under_investment_deals_combined_without_trade_deal_tab(IIS_IncidentalCharges.java:492)
at âœ½.user select the grace period dropdown as Years in repayment tab in maintenance under investment deals combined without trade deal tab(file:///C:/Users/inindc00616/git/AZENTIO-FMS/Tauqeer_AzentioAutomationFramework_FMS/src/test/java/features/IIS_AdvancePrincipleSettlement.feature:80)
]]>
            </full-stacktrace>
          </exception> <!-- java.lang.AssertionError -->
          <reporter-output>
          </reporter-output>
        </test-method> <!-- runScenario -->
        <test-method is-config="true" signature="tearDownClass()[pri:0, instance:Runner.TestApplication@5afa3c9]" started-at="2023-08-29T14:17:58 AST" name="tearDownClass" finished-at="2023-08-29T14:18:17 AST" duration-ms="19686" status="PASS">
          <reporter-output>
          </reporter-output>
        </test-method> <!-- tearDownClass -->
      </class> <!-- Runner.TestApplication -->
    </test> <!-- Default test -->
  </suite> <!-- Default suite -->
</testng-results>
